<?xml version="1.0" encoding="UTF-8"?>
<!-- Generated by org.testng.reporters.JUnitReportReporter -->
<testsuite skipped="0" hostname="DESKTOP-B4MCC6G" name="check.Check" tests="2" failures="0" timestamp="14 Jul 2019 06:06:51 GMT" time="12.841" errors="0">
  <testcase name="facebookLogin" time="4.586" classname="check.Check"/>
  <testcase name="openBrowser" time="8.255" classname="check.Check"/>
</testsuite> <!-- check.Check -->
