<?xml version="1.0" encoding="UTF-8"?>
<!-- Generated by org.testng.reporters.JUnitReportReporter -->
<testsuite skipped="0" hostname="DESKTOP-B4MCC6G" name="check.FaceBookSignup" tests="2" failures="0" timestamp="15 Jul 2019 03:33:17 GMT" time="10.379" errors="0">
  <testcase name="openBrowser" time="9.020" classname="check.FaceBookSignup"/>
  <testcase name="facebookLogin" time="1.359" classname="check.FaceBookSignup"/>
</testsuite> <!-- check.FaceBookSignup -->
