<?xml version="1.0" encoding="UTF-8"?>
<!-- Generated by org.testng.reporters.JUnitReportReporter -->
<testsuite skipped="0" hostname="DESKTOP-B4MCC6G" name="check.Check1" tests="2" failures="0" timestamp="14 Jul 2019 09:09:05 GMT" time="35.394" errors="0">
  <testcase name="facebookLogin" time="21.731" classname="check.Check1"/>
  <testcase name="openBrowser" time="13.663" classname="check.Check1"/>
</testsuite> <!-- check.Check1 -->
